time="2026-02-10T13:51:34+05:30" level=warning msg="C:\\Users\\Wissen\\Desktop\\IMS\\IMS-code\\docker-compose.yml: the attribute `version` is obsolete, it will be ignored, please remove it to avoid potential confusion"
 Container wissen-postgres Running 
 Container wissen-backend Running 
 Container wissen-frontend Running 
Attaching to wissen-backend, wissen-frontend, wissen-postgres
wissen-backend  | 2026-02-10T08:21:35.449Z  INFO 1 --- [wissen-ims-backend] [           main] o.h.c.internal.RegionFactoryInitiator    : HHH000026: Second-level cache disabled
 Container wissen-postgres Waiting 
wissen-backend  | 2026-02-10T08:21:36.045Z  INFO 1 --- [wissen-ims-backend] [           main] o.s.o.j.p.SpringPersistenceUnitInfo      : No LoadTimeWeaver setup: ignoring JPA class transformer
wissen-backend  | 2026-02-10T08:21:36.094Z  INFO 1 --- [wissen-ims-backend] [           main] com.zaxxer.hikari.HikariDataSource       : HikariPool-1 - Starting...
 Container wissen-postgres Healthy 
wissen-backend  | 2026-02-10T08:21:36.407Z  INFO 1 --- [wissen-ims-backend] [           main] com.zaxxer.hikari.pool.HikariPool        : HikariPool-1 - Added connection org.postgresql.jdbc.PgConnection@c6a692e
wissen-backend  | 2026-02-10T08:21:36.410Z  INFO 1 --- [wissen-ims-backend] [           main] com.zaxxer.hikari.HikariDataSource       : HikariPool-1 - Start completed.
wissen-backend  | 2026-02-10T08:21:36.462Z  WARN 1 --- [wissen-ims-backend] [           main] org.hibernate.orm.deprecation            : HHH90000025: PostgreSQLDialect does not need to be specified explicitly using 'hibernate.dialect' (remove the property setting and it will be selected by default)
wissen-backend  | 2026-02-10T08:21:38.399Z  INFO 1 --- [wissen-ims-backend] [           main] o.h.e.t.j.p.i.JtaPlatformInitiator       : HHH000489: No JTA platform available (set 'hibernate.transaction.jta.platform' to enable JTA platform integration)
wissen-backend  | 2026-02-10T08:21:38.691Z  INFO 1 --- [wissen-ims-backend] [           main] j.LocalContainerEntityManagerFactoryBean : Initialized JPA EntityManagerFactory for persistence unit 'default'
wissen-backend  | 2026-02-10T08:21:39.242Z DEBUG 1 --- [wissen-ims-backend] [           main] c.w.i.security.JwtAuthenticationFilter   : Filter 'jwtAuthenticationFilter' configured for use
wissen-backend  | 2026-02-10T08:21:39.513Z  INFO 1 --- [wissen-ims-backend] [           main] o.s.d.j.r.query.QueryEnhancerFactory     : Hibernate is in classpath; If applicable, HQL parser will be used.
wissen-backend  | 2026-02-10T08:21:40.756Z  WARN 1 --- [wissen-ims-backend] [           main] ConfigServletWebServerApplicationContext : Exception encountered during context initialization - cancelling refresh attempt: org.springframework.beans.factory.UnsatisfiedDependencyException: Error creating bean with name 'skillAnalysisController' defined in URL [jar:nested:/app/app.jar/!BOOT-INF/classes/!/com/wissen/ims/controller/SkillAnalysisController.class]: Unsatisfied dependency expressed through constructor parameter 0: Error creating bean with name 'skillAnalysisService' defined in URL [jar:nested:/app/app.jar/!BOOT-INF/classes/!/com/wissen/ims/service/SkillAnalysisService.class]: Unsatisfied dependency expressed through constructor parameter 3: Error creating bean with name 'projectSkillInferenceService' defined in URL [jar:nested:/app/app.jar/!BOOT-INF/classes/!/com/wissen/ims/service/ProjectSkillInferenceService.class]: Unsatisfied dependency expressed through constructor parameter 1: Error creating bean with name 'huggingFaceIntegrationService': Injection of autowired dependencies failed
wissen-backend  | 2026-02-10T08:21:40.759Z  INFO 1 --- [wissen-ims-backend] [           main] j.LocalContainerEntityManagerFactoryBean : Closing JPA EntityManagerFactory for persistence unit 'default'
wissen-backend  | 2026-02-10T08:21:40.762Z  INFO 1 --- [wissen-ims-backend] [           main] com.zaxxer.hikari.HikariDataSource       : HikariPool-1 - Shutdown initiated...
wissen-backend  | 2026-02-10T08:21:40.771Z  INFO 1 --- [wissen-ims-backend] [           main] com.zaxxer.hikari.HikariDataSource       : HikariPool-1 - Shutdown completed.
wissen-backend  | 2026-02-10T08:21:40.775Z  INFO 1 --- [wissen-ims-backend] [           main] o.apache.catalina.core.StandardService   : Stopping service [Tomcat]
wissen-backend  | 2026-02-10T08:21:40.797Z  INFO 1 --- [wissen-ims-backend] [           main] .s.b.a.l.ConditionEvaluationReportLogger : 
wissen-backend  | 
wissen-backend  | Error starting ApplicationContext. To display the condition evaluation report re-run your application with 'debug' enabled.
wissen-backend  | 2026-02-10T08:21:40.837Z ERROR 1 --- [wissen-ims-backend] [           main] o.s.boot.SpringApplication               : Application run failed
wissen-backend  | 
wissen-backend  | org.springframework.beans.factory.UnsatisfiedDependencyException: Error creating bean with name 'skillAnalysisController' defined in URL [jar:nested:/app/app.jar/!BOOT-INF/classes/!/com/wissen/ims/controller/SkillAnalysisController.class]: Unsatisfied dependency expressed through constructor parameter 0: Error creating bean with name 'skillAnalysisService' defined in URL [jar:nested:/app/app.jar/!BOOT-INF/classes/!/com/wissen/ims/service/SkillAnalysisService.class]: Unsatisfied dependency expressed through constructor parameter 3: Error creating bean with name 'projectSkillInferenceService' defined in URL [jar:nested:/app/app.jar/!BOOT-INF/classes/!/com/wissen/ims/service/ProjectSkillInferenceService.class]: Unsatisfied dependency expressed through constructor parameter 1: Error creating bean with name 'huggingFaceIntegrationService': Injection of autowired dependencies failed
wissen-backend  | 	at org.springframework.beans.factory.support.ConstructorResolver.createArgumentArray(ConstructorResolver.java:802) ~[spring-beans-6.1.2.jar!/:6.1.2]
wissen-backend  | 	at org.springframework.beans.factory.support.ConstructorResolver.autowireConstructor(ConstructorResolver.java:241) ~[spring-beans-6.1.2.jar!/:6.1.2]
wissen-backend  | 	at org.springframework.beans.factory.support.AbstractAutowireCapableBeanFactory.autowireConstructor(AbstractAutowireCapableBeanFactory.java:1354) ~[spring-beans-6.1.2.jar!/:6.1.2]
wissen-backend  | 	at org.springframework.beans.factory.support.AbstractAutowireCapableBeanFactory.createBeanInstance(AbstractAutowireCapableBeanFactory.java:1191) ~[spring-beans-6.1.2.jar!/:6.1.2]
wissen-backend  | 	at org.springframework.beans.factory.support.AbstractAutowireCapableBeanFactory.doCreateBean(AbstractAutowireCapableBeanFactory.java:561) ~[spring-beans-6.1.2.jar!/:6.1.2]
wissen-backend  | 	at org.springframework.beans.factory.support.AbstractAutowireCapableBeanFactory.createBean(AbstractAutowireCapableBeanFactory.java:521) ~[spring-beans-6.1.2.jar!/:6.1.2]
wissen-backend  | 	at org.springframework.beans.factory.support.AbstractBeanFactory.lambda$doGetBean$0(AbstractBeanFactory.java:325) ~[spring-beans-6.1.2.jar!/:6.1.2]
wissen-backend  | 	at org.springframework.beans.factory.support.DefaultSingletonBeanRegistry.getSingleton(DefaultSingletonBeanRegistry.java:234) ~[spring-beans-6.1.2.jar!/:6.1.2]
wissen-backend  | 	at org.springframework.beans.factory.support.AbstractBeanFactory.doGetBean(AbstractBeanFactory.java:323) ~[spring-beans-6.1.2.jar!/:6.1.2]
wissen-backend  | 	at org.springframework.beans.factory.support.AbstractBeanFactory.getBean(AbstractBeanFactory.java:199) ~[spring-beans-6.1.2.jar!/:6.1.2]
wissen-backend  | 	at org.springframework.beans.factory.support.DefaultListableBeanFactory.preInstantiateSingletons(DefaultListableBeanFactory.java:975) ~[spring-beans-6.1.2.jar!/:6.1.2]
wissen-backend  | 	at org.springframework.context.support.AbstractApplicationContext.finishBeanFactoryInitialization(AbstractApplicationContext.java:960) ~[spring-context-6.1.2.jar!/:6.1.2]
wissen-backend  | 	at org.springframework.context.support.AbstractApplicationContext.refresh(AbstractApplicationContext.java:625) ~[spring-context-6.1.2.jar!/:6.1.2]
wissen-backend  | 	at org.springframework.boot.web.servlet.context.ServletWebServerApplicationContext.refresh(ServletWebServerApplicationContext.java:146) ~[spring-boot-3.2.1.jar!/:3.2.1]
wissen-backend  | 	at org.springframework.boot.SpringApplication.refresh(SpringApplication.java:762) ~[spring-boot-3.2.1.jar!/:3.2.1]
wissen-backend  | 	at org.springframework.boot.SpringApplication.refreshContext(SpringApplication.java:464) ~[spring-boot-3.2.1.jar!/:3.2.1]
wissen-backend  | 	at org.springframework.boot.SpringApplication.run(SpringApplication.java:334) ~[spring-boot-3.2.1.jar!/:3.2.1]
wissen-backend  | 	at org.springframework.boot.SpringApplication.run(SpringApplication.java:1358) ~[spring-boot-3.2.1.jar!/:3.2.1]
wissen-backend  | 	at org.springframework.boot.SpringApplication.run(SpringApplication.java:1347) ~[spring-boot-3.2.1.jar!/:3.2.1]
wissen-backend  | 	at com.wissen.ims.WissenImsApplication.main(WissenImsApplication.java:13) ~[!/:na]
wissen-backend  | 	at java.base/jdk.internal.reflect.NativeMethodAccessorImpl.invoke0(Native Method) ~[na:na]
wissen-backend  | 	at java.base/jdk.internal.reflect.NativeMethodAccessorImpl.invoke(Unknown Source) ~[na:na]
wissen-backend  | 	at java.base/jdk.internal.reflect.DelegatingMethodAccessorImpl.invoke(Unknown Source) ~[na:na]
wissen-backend  | 	at java.base/java.lang.reflect.Method.invoke(Unknown Source) ~[na:na]
wissen-backend  | 	at org.springframework.boot.loader.launch.Launcher.launch(Launcher.java:91) ~[app.jar:1.0.0]
wissen-backend  | 	at org.springframework.boot.loader.launch.Launcher.launch(Launcher.java:53) ~[app.jar:1.0.0]
wissen-backend  | 	at org.springframework.boot.loader.launch.JarLauncher.main(JarLauncher.java:58) ~[app.jar:1.0.0]
wissen-backend  | Caused by: org.springframework.beans.factory.UnsatisfiedDependencyException: Error creating bean with name 'skillAnalysisService' defined in URL [jar:nested:/app/app.jar/!BOOT-INF/classes/!/com/wissen/ims/service/SkillAnalysisService.class]: Unsatisfied dependency expressed through constructor parameter 3: Error creating bean with name 'projectSkillInferenceService' defined in URL [jar:nested:/app/app.jar/!BOOT-INF/classes/!/com/wissen/ims/service/ProjectSkillInferenceService.class]: Unsatisfied dependency expressed through constructor parameter 1: Error creating bean with name 'huggingFaceIntegrationService': Injection of autowired dependencies failed
wissen-backend  | 	at org.springframework.beans.factory.support.ConstructorResolver.createArgumentArray(ConstructorResolver.java:802) ~[spring-beans-6.1.2.jar!/:6.1.2]
wissen-backend  | 	at org.springframework.beans.factory.support.ConstructorResolver.autowireConstructor(ConstructorResolver.java:241) ~[spring-beans-6.1.2.jar!/:6.1.2]
wissen-backend  | 	at org.springframework.beans.factory.support.AbstractAutowireCapableBeanFactory.autowireConstructor(AbstractAutowireCapableBeanFactory.java:1354) ~[spring-beans-6.1.2.jar!/:6.1.2]
wissen-backend  | 	at org.springframework.beans.factory.support.AbstractAutowireCapableBeanFactory.createBeanInstance(AbstractAutowireCapableBeanFactory.java:1191) ~[spring-beans-6.1.2.jar!/:6.1.2]
wissen-backend  | 	at org.springframework.beans.factory.support.AbstractAutowireCapableBeanFactory.doCreateBean(AbstractAutowireCapableBeanFactory.java:561) ~[spring-beans-6.1.2.jar!/:6.1.2]
wissen-backend  | 	at org.springframework.beans.factory.support.AbstractAutowireCapableBeanFactory.createBean(AbstractAutowireCapableBeanFactory.java:521) ~[spring-beans-6.1.2.jar!/:6.1.2]
wissen-backend  | 	at org.springframework.beans.factory.support.AbstractBeanFactory.lambda$doGetBean$0(AbstractBeanFactory.java:325) ~[spring-beans-6.1.2.jar!/:6.1.2]
wissen-backend  | 	at org.springframework.beans.factory.support.DefaultSingletonBeanRegistry.getSingleton(DefaultSingletonBeanRegistry.java:234) ~[spring-beans-6.1.2.jar!/:6.1.2]
wissen-backend  | 	at org.springframework.beans.factory.support.AbstractBeanFactory.doGetBean(AbstractBeanFactory.java:323) ~[spring-beans-6.1.2.jar!/:6.1.2]
wissen-backend  | 	at org.springframework.beans.factory.support.AbstractBeanFactory.getBean(AbstractBeanFactory.java:199) ~[spring-beans-6.1.2.jar!/:6.1.2]
wissen-backend  | 	at org.springframework.beans.factory.config.DependencyDescriptor.resolveCandidate(DependencyDescriptor.java:254) ~[spring-beans-6.1.2.jar!/:6.1.2]
wissen-backend  | 	at org.springframework.beans.factory.support.DefaultListableBeanFactory.doResolveDependency(DefaultListableBeanFactory.java:1443) ~[spring-beans-6.1.2.jar!/:6.1.2]
wissen-backend  | 	at org.springframework.beans.factory.support.DefaultListableBeanFactory.resolveDependency(DefaultListableBeanFactory.java:1353) ~[spring-beans-6.1.2.jar!/:6.1.2]
wissen-backend  | 	at org.springframework.beans.factory.support.ConstructorResolver.resolveAutowiredArgument(ConstructorResolver.java:911) ~[spring-beans-6.1.2.jar!/:6.1.2]
wissen-backend  | 	at org.springframework.beans.factory.support.ConstructorResolver.createArgumentArray(ConstructorResolver.java:789) ~[spring-beans-6.1.2.jar!/:6.1.2]
wissen-backend  | 	... 26 common frames omitted
wissen-backend  | Caused by: org.springframework.beans.factory.UnsatisfiedDependencyException: Error creating bean with name 'projectSkillInferenceService' defined in URL [jar:nested:/app/app.jar/!BOOT-INF/classes/!/com/wissen/ims/service/ProjectSkillInferenceService.class]: Unsatisfied dependency expressed through constructor parameter 1: Error creating bean with name 'huggingFaceIntegrationService': Injection of autowired dependencies failed
wissen-backend  | 	at org.springframework.beans.factory.support.ConstructorResolver.createArgumentArray(ConstructorResolver.java:802) ~[spring-beans-6.1.2.jar!/:6.1.2]
wissen-backend  | 	at org.springframework.beans.factory.support.ConstructorResolver.autowireConstructor(ConstructorResolver.java:241) ~[spring-beans-6.1.2.jar!/:6.1.2]
wissen-backend  | 	at org.springframework.beans.factory.support.AbstractAutowireCapableBeanFactory.autowireConstructor(AbstractAutowireCapableBeanFactory.java:1354) ~[spring-beans-6.1.2.jar!/:6.1.2]
wissen-backend  | 	at org.springframework.beans.factory.support.AbstractAutowireCapableBeanFactory.createBeanInstance(AbstractAutowireCapableBeanFactory.java:1191) ~[spring-beans-6.1.2.jar!/:6.1.2]
wissen-backend  | 	at org.springframework.beans.factory.support.AbstractAutowireCapableBeanFactory.doCreateBean(AbstractAutowireCapableBeanFactory.java:561) ~[spring-beans-6.1.2.jar!/:6.1.2]
wissen-backend  | 	at org.springframework.beans.factory.support.AbstractAutowireCapableBeanFactory.createBean(AbstractAutowireCapableBeanFactory.java:521) ~[spring-beans-6.1.2.jar!/:6.1.2]
wissen-backend  | 	at org.springframework.beans.factory.support.AbstractBeanFactory.lambda$doGetBean$0(AbstractBeanFactory.java:325) ~[spring-beans-6.1.2.jar!/:6.1.2]
wissen-backend  | 	at org.springframework.beans.factory.support.DefaultSingletonBeanRegistry.getSingleton(DefaultSingletonBeanRegistry.java:234) ~[spring-beans-6.1.2.jar!/:6.1.2]
wissen-backend  | 	at org.springframework.beans.factory.support.AbstractBeanFactory.doGetBean(AbstractBeanFactory.java:323) ~[spring-beans-6.1.2.jar!/:6.1.2]
wissen-backend  | 	at org.springframework.beans.factory.support.AbstractBeanFactory.getBean(AbstractBeanFactory.java:199) ~[spring-beans-6.1.2.jar!/:6.1.2]
wissen-backend  | 	at org.springframework.beans.factory.config.DependencyDescriptor.resolveCandidate(DependencyDescriptor.java:254) ~[spring-beans-6.1.2.jar!/:6.1.2]
wissen-backend  | 	at org.springframework.beans.factory.support.DefaultListableBeanFactory.doResolveDependency(DefaultListableBeanFactory.java:1443) ~[spring-beans-6.1.2.jar!/:6.1.2]
wissen-backend  | 	at org.springframework.beans.factory.support.DefaultListableBeanFactory.resolveDependency(DefaultListableBeanFactory.java:1353) ~[spring-beans-6.1.2.jar!/:6.1.2]
wissen-backend  | 	at org.springframework.beans.factory.support.ConstructorResolver.resolveAutowiredArgument(ConstructorResolver.java:911) ~[spring-beans-6.1.2.jar!/:6.1.2]
wissen-backend  | 	at org.springframework.beans.factory.support.ConstructorResolver.createArgumentArray(ConstructorResolver.java:789) ~[spring-beans-6.1.2.jar!/:6.1.2]
wissen-backend  | 	... 40 common frames omitted
wissen-backend  | Caused by: org.springframework.beans.factory.BeanCreationException: Error creating bean with name 'huggingFaceIntegrationService': Injection of autowired dependencies failed
wissen-backend  | 	at org.springframework.beans.factory.annotation.AutowiredAnnotationBeanPostProcessor.postProcessProperties(AutowiredAnnotationBeanPostProcessor.java:514) ~[spring-beans-6.1.2.jar!/:6.1.2]
wissen-backend  | 	at org.springframework.beans.factory.support.AbstractAutowireCapableBeanFactory.populateBean(AbstractAutowireCapableBeanFactory.java:1418) ~[spring-beans-6.1.2.jar!/:6.1.2]
wissen-backend  | 	at org.springframework.beans.factory.support.AbstractAutowireCapableBeanFactory.doCreateBean(AbstractAutowireCapableBeanFactory.java:598) ~[spring-beans-6.1.2.jar!/:6.1.2]
wissen-backend  | 	at org.springframework.beans.factory.support.AbstractAutowireCapableBeanFactory.createBean(AbstractAutowireCapableBeanFactory.java:521) ~[spring-beans-6.1.2.jar!/:6.1.2]
wissen-backend  | 	at org.springframework.beans.factory.support.AbstractBeanFactory.lambda$doGetBean$0(AbstractBeanFactory.java:325) ~[spring-beans-6.1.2.jar!/:6.1.2]
wissen-backend  | 	at org.springframework.beans.factory.support.DefaultSingletonBeanRegistry.getSingleton(DefaultSingletonBeanRegistry.java:234) ~[spring-beans-6.1.2.jar!/:6.1.2]
wissen-backend  | 	at org.springframework.beans.factory.support.AbstractBeanFactory.doGetBean(AbstractBeanFactory.java:323) ~[spring-beans-6.1.2.jar!/:6.1.2]
wissen-backend  | 	at org.springframework.beans.factory.support.AbstractBeanFactory.getBean(AbstractBeanFactory.java:199) ~[spring-beans-6.1.2.jar!/:6.1.2]
wissen-backend  | 	at org.springframework.beans.factory.config.DependencyDescriptor.resolveCandidate(DependencyDescriptor.java:254) ~[spring-beans-6.1.2.jar!/:6.1.2]
wissen-backend  | 	at org.springframework.beans.factory.support.DefaultListableBeanFactory.doResolveDependency(DefaultListableBeanFactory.java:1443) ~[spring-beans-6.1.2.jar!/:6.1.2]
wissen-backend  | 	at org.springframework.beans.factory.support.DefaultListableBeanFactory.resolveDependency(DefaultListableBeanFactory.java:1353) ~[spring-beans-6.1.2.jar!/:6.1.2]
wissen-backend  | 	at org.springframework.beans.factory.support.ConstructorResolver.resolveAutowiredArgument(ConstructorResolver.java:911) ~[spring-beans-6.1.2.jar!/:6.1.2]
wissen-backend  | 	at org.springframework.beans.factory.support.ConstructorResolver.createArgumentArray(ConstructorResolver.java:789) ~[spring-beans-6.1.2.jar!/:6.1.2]
wissen-backend  | 	... 54 common frames omitted
wissen-backend  | Caused by: java.lang.IllegalArgumentException: Could not resolve placeholder 'huggingface.api.key' in value "${huggingface.api.key}"
wissen-backend  | 	at org.springframework.util.PropertyPlaceholderHelper.parseStringValue(PropertyPlaceholderHelper.java:180) ~[spring-core-6.1.2.jar!/:6.1.2]
wissen-backend  | 	at org.springframework.util.PropertyPlaceholderHelper.replacePlaceholders(PropertyPlaceholderHelper.java:126) ~[spring-core-6.1.2.jar!/:6.1.2]
wissen-backend  | 	at org.springframework.core.env.AbstractPropertyResolver.doResolvePlaceholders(AbstractPropertyResolver.java:239) ~[spring-core-6.1.2.jar!/:6.1.2]
wissen-backend  | 	at org.springframework.core.env.AbstractPropertyResolver.resolveRequiredPlaceholders(AbstractPropertyResolver.java:210) ~[spring-core-6.1.2.jar!/:6.1.2]
wissen-backend  | 	at org.springframework.context.support.PropertySourcesPlaceholderConfigurer.lambda$processProperties$0(PropertySourcesPlaceholderConfigurer.java:200) ~[spring-context-6.1.2.jar!/:6.1.2]
wissen-backend  | 	at org.springframework.beans.factory.support.AbstractBeanFactory.resolveEmbeddedValue(AbstractBeanFactory.java:921) ~[spring-beans-6.1.2.jar!/:6.1.2]
wissen-backend  | 	at org.springframework.beans.factory.support.DefaultListableBeanFactory.doResolveDependency(DefaultListableBeanFactory.java:1374) ~[spring-beans-6.1.2.jar!/:6.1.2]
wissen-backend  | 	at org.springframework.beans.factory.support.DefaultListableBeanFactory.resolveDependency(DefaultListableBeanFactory.java:1353) ~[spring-beans-6.1.2.jar!/:6.1.2]
wissen-backend  | 	at org.springframework.beans.factory.annotation.AutowiredAnnotationBeanPostProcessor$AutowiredFieldElement.resolveFieldValue(AutowiredAnnotationBeanPostProcessor.java:784) ~[spring-beans-6.1.2.jar!/:6.1.2]
wissen-backend  | 	at org.springframework.beans.factory.annotation.AutowiredAnnotationBeanPostProcessor$AutowiredFieldElement.inject(AutowiredAnnotationBeanPostProcessor.java:767) ~[spring-beans-6.1.2.jar!/:6.1.2]
wissen-backend  | 	at org.springframework.beans.factory.annotation.InjectionMetadata.inject(InjectionMetadata.java:145) ~[spring-beans-6.1.2.jar!/:6.1.2]
wissen-backend  | 	at org.springframework.beans.factory.annotation.AutowiredAnnotationBeanPostProcessor.postProcessProperties(AutowiredAnnotationBeanPostProcessor.java:508) ~[spring-beans-6.1.2.jar!/:6.1.2]
wissen-backend  | 	... 66 common frames omitted
wissen-backend  | 
[Kwissen-backend exited with code 1 (restarting)
wissen-backend  | 
wissen-backend  |   .   ____          _            __ _ _
wissen-backend  |  /\\ / ___'_ __ _ _(_)_ __  __ _ \ \ \ \
wissen-backend  | ( ( )\___ | '_ | '_| | '_ \/ _` | \ \ \ \
wissen-backend  |  \\/  ___)| |_)| | | | | || (_| |  ) ) ) )
wissen-backend  |   '  |____| .__|_| |_|_| |_\__, | / / / /
wissen-backend  |  =========|_|==============|___/=/_/_/_/
wissen-backend  |  :: Spring Boot ::                (v3.2.1)
wissen-backend  | 
wissen-backend  | 2026-02-10T08:21:42.980Z  INFO 1 --- [wissen-ims-backend] [           main] com.wissen.ims.WissenImsApplication      : Starting WissenImsApplication using Java 17.0.18 with PID 1 (/app/app.jar started by root in /app)
wissen-backend  | 2026-02-10T08:21:42.987Z DEBUG 1 --- [wissen-ims-backend] [           main] com.wissen.ims.WissenImsApplication      : Running with Spring Boot v3.2.1, Spring v6.1.2
wissen-backend  | 2026-02-10T08:21:42.990Z  INFO 1 --- [wissen-ims-backend] [           main] com.wissen.ims.WissenImsApplication      : No active profile set, falling back to 1 default profile: "default"
wissen-backend  | 2026-02-10T08:21:44.691Z  INFO 1 --- [wissen-ims-backend] [           main] .s.d.r.c.RepositoryConfigurationDelegate : Bootstrapping Spring Data JPA repositories in DEFAULT mode.
wissen-backend  | 2026-02-10T08:21:44.977Z  INFO 1 --- [wissen-ims-backend] [           main] .s.d.r.c.RepositoryConfigurationDelegate : Finished Spring Data repository scanning in 272 ms. Found 14 JPA repository interfaces.
wissen-backend  | 2026-02-10T08:21:46.094Z  INFO 1 --- [wissen-ims-backend] [           main] o.s.b.w.embedded.tomcat.TomcatWebServer  : Tomcat initialized with port 8080 (http)
wissen-backend  | 2026-02-10T08:21:46.114Z  INFO 1 --- [wissen-ims-backend] [           main] o.apache.catalina.core.StandardService   : Starting service [Tomcat]
wissen-backend  | 2026-02-10T08:21:46.115Z  INFO 1 --- [wissen-ims-backend] [           main] o.apache.catalina.core.StandardEngine    : Starting Servlet engine: [Apache Tomcat/10.1.17]
wissen-backend  | 2026-02-10T08:21:46.180Z  INFO 1 --- [wissen-ims-backend] [           main] o.a.c.c.C.[Tomcat].[localhost].[/api]    : Initializing Spring embedded WebApplicationContext
wissen-backend  | 2026-02-10T08:21:46.185Z  INFO 1 --- [wissen-ims-backend] [           main] w.s.c.ServletWebServerApplicationContext : Root WebApplicationContext: initialization completed in 3005 ms
wissen-backend  | 2026-02-10T08:21:46.439Z  INFO 1 --- [wissen-ims-backend] [           main] o.hibernate.jpa.internal.util.LogHelper  : HHH000204: Processing PersistenceUnitInfo [name: default]
wissen-backend  | 2026-02-10T08:21:46.555Z  INFO 1 --- [wissen-ims-backend] [           main] org.hibernate.Version                    : HHH000412: Hibernate ORM core version 6.4.1.Final
wissen-backend  | 2026-02-10T08:21:46.623Z  INFO 1 --- [wissen-ims-backend] [           main] o.h.c.internal.RegionFactoryInitiator    : HHH000026: Second-level cache disabled
wissen-backend  | 2026-02-10T08:21:47.065Z  INFO 1 --- [wissen-ims-backend] [           main] o.s.o.j.p.SpringPersistenceUnitInfo      : No LoadTimeWeaver setup: ignoring JPA class transformer
wissen-backend  | 2026-02-10T08:21:47.119Z  INFO 1 --- [wissen-ims-backend] [           main] com.zaxxer.hikari.HikariDataSource       : HikariPool-1 - Starting...
wissen-backend  | 2026-02-10T08:21:47.408Z  INFO 1 --- [wissen-ims-backend] [           main] com.zaxxer.hikari.pool.HikariPool        : HikariPool-1 - Added connection org.postgresql.jdbc.PgConnection@27502e5c
wissen-backend  | 2026-02-10T08:21:47.411Z  INFO 1 --- [wissen-ims-backend] [           main] com.zaxxer.hikari.HikariDataSource       : HikariPool-1 - Start completed.
wissen-backend  | 2026-02-10T08:21:47.455Z  WARN 1 --- [wissen-ims-backend] [           main] org.hibernate.orm.deprecation            : HHH90000025: PostgreSQLDialect does not need to be specified explicitly using 'hibernate.dialect' (remove the property setting and it will be selected by default)
wissen-backend  | 2026-02-10T08:21:49.303Z  INFO 1 --- [wissen-ims-backend] [           main] o.h.e.t.j.p.i.JtaPlatformInitiator       : HHH000489: No JTA platform available (set 'hibernate.transaction.jta.platform' to enable JTA platform integration)
wissen-backend  | 2026-02-10T08:21:49.638Z  INFO 1 --- [wissen-ims-backend] [           main] j.LocalContainerEntityManagerFactoryBean : Initialized JPA EntityManagerFactory for persistence unit 'default'
wissen-backend  | 2026-02-10T08:21:50.210Z DEBUG 1 --- [wissen-ims-backend] [           main] c.w.i.security.JwtAuthenticationFilter   : Filter 'jwtAuthenticationFilter' configured for use
wissen-backend  | 2026-02-10T08:21:50.480Z  INFO 1 --- [wissen-ims-backend] [           main] o.s.d.j.r.query.QueryEnhancerFactory     : Hibernate is in classpath; If applicable, HQL parser will be used.
wissen-backend  | 2026-02-10T08:21:51.748Z  WARN 1 --- [wissen-ims-backend] [           main] ConfigServletWebServerApplicationContext : Exception encountered during context initialization - cancelling refresh attempt: org.springframework.beans.factory.UnsatisfiedDependencyException: Error creating bean with name 'skillAnalysisController' defined in URL [jar:nested:/app/app.jar/!BOOT-INF/classes/!/com/wissen/ims/controller/SkillAnalysisController.class]: Unsatisfied dependency expressed through constructor parameter 0: Error creating bean with name 'skillAnalysisService' defined in URL [jar:nested:/app/app.jar/!BOOT-INF/classes/!/com/wissen/ims/service/SkillAnalysisService.class]: Unsatisfied dependency expressed through constructor parameter 3: Error creating bean with name 'projectSkillInferenceService' defined in URL [jar:nested:/app/app.jar/!BOOT-INF/classes/!/com/wissen/ims/service/ProjectSkillInferenceService.class]: Unsatisfied dependency expressed through constructor parameter 1: Error creating bean with name 'huggingFaceIntegrationService': Injection of autowired dependencies failed
wissen-backend  | 2026-02-10T08:21:51.751Z  INFO 1 --- [wissen-ims-backend] [           main] j.LocalContainerEntityManagerFactoryBean : Closing JPA EntityManagerFactory for persistence unit 'default'
wissen-backend  | 2026-02-10T08:21:51.754Z  INFO 1 --- [wissen-ims-backend] [           main] com.zaxxer.hikari.HikariDataSource       : HikariPool-1 - Shutdown initiated...
wissen-backend  | 2026-02-10T08:21:51.764Z  INFO 1 --- [wissen-ims-backend] [           main] com.zaxxer.hikari.HikariDataSource       : HikariPool-1 - Shutdown completed.
wissen-backend  | 2026-02-10T08:21:51.769Z  INFO 1 --- [wissen-ims-backend] [           main] o.apache.catalina.core.StandardService   : Stopping service [Tomcat]
wissen-backend  | 2026-02-10T08:21:51.794Z  INFO 1 --- [wissen-ims-backend] [           main] .s.b.a.l.ConditionEvaluationReportLogger : 
wissen-backend  | 
wissen-backend  | Error starting ApplicationContext. To display the condition evaluation report re-run your application with 'debug' enabled.
wissen-backend  | 2026-02-10T08:21:51.837Z ERROR 1 --- [wissen-ims-backend] [           main] o.s.boot.SpringApplication               : Application run failed
wissen-backend  | 
wissen-backend  | org.springframework.beans.factory.UnsatisfiedDependencyException: Error creating bean with name 'skillAnalysisController' defined in URL [jar:nested:/app/app.jar/!BOOT-INF/classes/!/com/wissen/ims/controller/SkillAnalysisController.class]: Unsatisfied dependency expressed through constructor parameter 0: Error creating bean with name 'skillAnalysisService' defined in URL [jar:nested:/app/app.jar/!BOOT-INF/classes/!/com/wissen/ims/service/SkillAnalysisService.class]: Unsatisfied dependency expressed through constructor parameter 3: Error creating bean with name 'projectSkillInferenceService' defined in URL [jar:nested:/app/app.jar/!BOOT-INF/classes/!/com/wissen/ims/service/ProjectSkillInferenceService.class]: Unsatisfied dependency expressed through constructor parameter 1: Error creating bean with name 'huggingFaceIntegrationService': Injection of autowired dependencies failed
wissen-backend  | 	at org.springframework.beans.factory.support.ConstructorResolver.createArgumentArray(ConstructorResolver.java:802) ~[spring-beans-6.1.2.jar!/:6.1.2]
wissen-backend  | 	at org.springframework.beans.factory.support.ConstructorResolver.autowireConstructor(ConstructorResolver.java:241) ~[spring-beans-6.1.2.jar!/:6.1.2]
wissen-backend  | 	at org.springframework.beans.factory.support.AbstractAutowireCapableBeanFactory.autowireConstructor(AbstractAutowireCapableBeanFactory.java:1354) ~[spring-beans-6.1.2.jar!/:6.1.2]
wissen-backend  | 	at org.springframework.beans.factory.support.AbstractAutowireCapableBeanFactory.createBeanInstance(AbstractAutowireCapableBeanFactory.java:1191) ~[spring-beans-6.1.2.jar!/:6.1.2]
wissen-backend  | 	at org.springframework.beans.factory.support.AbstractAutowireCapableBeanFactory.doCreateBean(AbstractAutowireCapableBeanFactory.java:561) ~[spring-beans-6.1.2.jar!/:6.1.2]
wissen-backend  | 	at org.springframework.beans.factory.support.AbstractAutowireCapableBeanFactory.createBean(AbstractAutowireCapableBeanFactory.java:521) ~[spring-beans-6.1.2.jar!/:6.1.2]
wissen-backend  | 	at org.springframework.beans.factory.support.AbstractBeanFactory.lambda$doGetBean$0(AbstractBeanFactory.java:325) ~[spring-beans-6.1.2.jar!/:6.1.2]
wissen-backend  | 	at org.springframework.beans.factory.support.DefaultSingletonBeanRegistry.getSingleton(DefaultSingletonBeanRegistry.java:234) ~[spring-beans-6.1.2.jar!/:6.1.2]
wissen-backend  | 	at org.springframework.beans.factory.support.AbstractBeanFactory.doGetBean(AbstractBeanFactory.java:323) ~[spring-beans-6.1.2.jar!/:6.1.2]
wissen-backend  | 	at org.springframework.beans.factory.support.AbstractBeanFactory.getBean(AbstractBeanFactory.java:199) ~[spring-beans-6.1.2.jar!/:6.1.2]
wissen-backend  | 	at org.springframework.beans.factory.support.DefaultListableBeanFactory.preInstantiateSingletons(DefaultListableBeanFactory.java:975) ~[spring-beans-6.1.2.jar!/:6.1.2]
wissen-backend  | 	at org.springframework.context.support.AbstractApplicationContext.finishBeanFactoryInitialization(AbstractApplicationContext.java:960) ~[spring-context-6.1.2.jar!/:6.1.2]
wissen-backend  | 	at org.springframework.context.support.AbstractApplicationContext.refresh(AbstractApplicationContext.java:625) ~[spring-context-6.1.2.jar!/:6.1.2]
wissen-backend  | 	at org.springframework.boot.web.servlet.context.ServletWebServerApplicationContext.refresh(ServletWebServerApplicationContext.java:146) ~[spring-boot-3.2.1.jar!/:3.2.1]
wissen-backend  | 	at org.springframework.boot.SpringApplication.refresh(SpringApplication.java:762) ~[spring-boot-3.2.1.jar!/:3.2.1]
wissen-backend  | 	at org.springframework.boot.SpringApplication.refreshContext(SpringApplication.java:464) ~[spring-boot-3.2.1.jar!/:3.2.1]
wissen-backend  | 	at org.springframework.boot.SpringApplication.run(SpringApplication.java:334) ~[spring-boot-3.2.1.jar!/:3.2.1]
wissen-backend  | 	at org.springframework.boot.SpringApplication.run(SpringApplication.java:1358) ~[spring-boot-3.2.1.jar!/:3.2.1]
wissen-backend  | 	at org.springframework.boot.SpringApplication.run(SpringApplication.java:1347) ~[spring-boot-3.2.1.jar!/:3.2.1]
wissen-backend  | 	at com.wissen.ims.WissenImsApplication.main(WissenImsApplication.java:13) ~[!/:na]
wissen-backend  | 	at java.base/jdk.internal.reflect.NativeMethodAccessorImpl.invoke0(Native Method) ~[na:na]
wissen-backend  | 	at java.base/jdk.internal.reflect.NativeMethodAccessorImpl.invoke(Unknown Source) ~[na:na]
wissen-backend  | 	at java.base/jdk.internal.reflect.DelegatingMethodAccessorImpl.invoke(Unknown Source) ~[na:na]
wissen-backend  | 	at java.base/java.lang.reflect.Method.invoke(Unknown Source) ~[na:na]
wissen-backend  | 	at org.springframework.boot.loader.launch.Launcher.launch(Launcher.java:91) ~[app.jar:1.0.0]
wissen-backend  | 	at org.springframework.boot.loader.launch.Launcher.launch(Launcher.java:53) ~[app.jar:1.0.0]
wissen-backend  | 	at org.springframework.boot.loader.launch.JarLauncher.main(JarLauncher.java:58) ~[app.jar:1.0.0]
wissen-backend  | Caused by: org.springframework.beans.factory.UnsatisfiedDependencyException: Error creating bean with name 'skillAnalysisService' defined in URL [jar:nested:/app/app.jar/!BOOT-INF/classes/!/com/wissen/ims/service/SkillAnalysisService.class]: Unsatisfied dependency expressed through constructor parameter 3: Error creating bean with name 'projectSkillInferenceService' defined in URL [jar:nested:/app/app.jar/!BOOT-INF/classes/!/com/wissen/ims/service/ProjectSkillInferenceService.class]: Unsatisfied dependency expressed through constructor parameter 1: Error creating bean with name 'huggingFaceIntegrationService': Injection of autowired dependencies failed
wissen-backend  | 	at org.springframework.beans.factory.support.ConstructorResolver.createArgumentArray(ConstructorResolver.java:802) ~[spring-beans-6.1.2.jar!/:6.1.2]
wissen-backend  | 	at org.springframework.beans.factory.support.ConstructorResolver.autowireConstructor(ConstructorResolver.java:241) ~[spring-beans-6.1.2.jar!/:6.1.2]
wissen-backend  | 	at org.springframework.beans.factory.support.AbstractAutowireCapableBeanFactory.autowireConstructor(AbstractAutowireCapableBeanFactory.java:1354) ~[spring-beans-6.1.2.jar!/:6.1.2]
wissen-backend  | 	at org.springframework.beans.factory.support.AbstractAutowireCapableBeanFactory.createBeanInstance(AbstractAutowireCapableBeanFactory.java:1191) ~[spring-beans-6.1.2.jar!/:6.1.2]
wissen-backend  | 	at org.springframework.beans.factory.support.AbstractAutowireCapableBeanFactory.doCreateBean(AbstractAutowireCapableBeanFactory.java:561) ~[spring-beans-6.1.2.jar!/:6.1.2]
wissen-backend  | 	at org.springframework.beans.factory.support.AbstractAutowireCapableBeanFactory.createBean(AbstractAutowireCapableBeanFactory.java:521) ~[spring-beans-6.1.2.jar!/:6.1.2]
wissen-backend  | 	at org.springframework.beans.factory.support.AbstractBeanFactory.lambda$doGetBean$0(AbstractBeanFactory.java:325) ~[spring-beans-6.1.2.jar!/:6.1.2]
wissen-backend  | 	at org.springframework.beans.factory.support.DefaultSingletonBeanRegistry.getSingleton(DefaultSingletonBeanRegistry.java:234) ~[spring-beans-6.1.2.jar!/:6.1.2]
wissen-backend  | 	at org.springframework.beans.factory.support.AbstractBeanFactory.doGetBean(AbstractBeanFactory.java:323) ~[spring-beans-6.1.2.jar!/:6.1.2]
wissen-backend  | 	at org.springframework.beans.factory.support.AbstractBeanFactory.getBean(AbstractBeanFactory.java:199) ~[spring-beans-6.1.2.jar!/:6.1.2]
wissen-backend  | 	at org.springframework.beans.factory.config.DependencyDescriptor.resolveCandidate(DependencyDescriptor.java:254) ~[spring-beans-6.1.2.jar!/:6.1.2]
wissen-backend  | 	at org.springframework.beans.factory.support.DefaultListableBeanFactory.doResolveDependency(DefaultListableBeanFactory.java:1443) ~[spring-beans-6.1.2.jar!/:6.1.2]
wissen-backend  | 	at org.springframework.beans.factory.support.DefaultListableBeanFactory.resolveDependency(DefaultListableBeanFactory.java:1353) ~[spring-beans-6.1.2.jar!/:6.1.2]
wissen-backend  | 	at org.springframework.beans.factory.support.ConstructorResolver.resolveAutowiredArgument(ConstructorResolver.java:911) ~[spring-beans-6.1.2.jar!/:6.1.2]
wissen-backend  | 	at org.springframework.beans.factory.support.ConstructorResolver.createArgumentArray(ConstructorResolver.java:789) ~[spring-beans-6.1.2.jar!/:6.1.2]
wissen-backend  | 	... 26 common frames omitted
wissen-backend  | Caused by: org.springframework.beans.factory.UnsatisfiedDependencyException: Error creating bean with name 'projectSkillInferenceService' defined in URL [jar:nested:/app/app.jar/!BOOT-INF/classes/!/com/wissen/ims/service/ProjectSkillInferenceService.class]: Unsatisfied dependency expressed through constructor parameter 1: Error creating bean with name 'huggingFaceIntegrationService': Injection of autowired dependencies failed
wissen-backend  | 	at org.springframework.beans.factory.support.ConstructorResolver.createArgumentArray(ConstructorResolver.java:802) ~[spring-beans-6.1.2.jar!/:6.1.2]
wissen-backend  | 	at org.springframework.beans.factory.support.ConstructorResolver.autowireConstructor(ConstructorResolver.java:241) ~[spring-beans-6.1.2.jar!/:6.1.2]
wissen-backend  | 	at org.springframework.beans.factory.support.AbstractAutowireCapableBeanFactory.autowireConstructor(AbstractAutowireCapableBeanFactory.java:1354) ~[spring-beans-6.1.2.jar!/:6.1.2]
wissen-backend  | 	at org.springframework.beans.factory.support.AbstractAutowireCapableBeanFactory.createBeanInstance(AbstractAutowireCapableBeanFactory.java:1191) ~[spring-beans-6.1.2.jar!/:6.1.2]
wissen-backend  | 	at org.springframework.beans.factory.support.AbstractAutowireCapableBeanFactory.doCreateBean(AbstractAutowireCapableBeanFactory.java:561) ~[spring-beans-6.1.2.jar!/:6.1.2]
wissen-backend  | 	at org.springframework.beans.factory.support.AbstractAutowireCapableBeanFactory.createBean(AbstractAutowireCapableBeanFactory.java:521) ~[spring-beans-6.1.2.jar!/:6.1.2]
wissen-backend  | 	at org.springframework.beans.factory.support.AbstractBeanFactory.lambda$doGetBean$0(AbstractBeanFactory.java:325) ~[spring-beans-6.1.2.jar!/:6.1.2]
wissen-backend  | 	at org.springframework.beans.factory.support.DefaultSingletonBeanRegistry.getSingleton(DefaultSingletonBeanRegistry.java:234) ~[spring-beans-6.1.2.jar!/:6.1.2]
wissen-backend  | 	at org.springframework.beans.factory.support.AbstractBeanFactory.doGetBean(AbstractBeanFactory.java:323) ~[spring-beans-6.1.2.jar!/:6.1.2]
wissen-backend  | 	at org.springframework.beans.factory.support.AbstractBeanFactory.getBean(AbstractBeanFactory.java:199) ~[spring-beans-6.1.2.jar!/:6.1.2]
wissen-backend  | 	at org.springframework.beans.factory.config.DependencyDescriptor.resolveCandidate(DependencyDescriptor.java:254) ~[spring-beans-6.1.2.jar!/:6.1.2]
wissen-backend  | 	at org.springframework.beans.factory.support.DefaultListableBeanFactory.doResolveDependency(DefaultListableBeanFactory.java:1443) ~[spring-beans-6.1.2.jar!/:6.1.2]
wissen-backend  | 	at org.springframework.beans.factory.support.DefaultListableBeanFactory.resolveDependency(DefaultListableBeanFactory.java:1353) ~[spring-beans-6.1.2.jar!/:6.1.2]
wissen-backend  | 	at org.springframework.beans.factory.support.ConstructorResolver.resolveAutowiredArgument(ConstructorResolver.java:911) ~[spring-beans-6.1.2.jar!/:6.1.2]
wissen-backend  | 	at org.springframework.beans.factory.support.ConstructorResolver.createArgumentArray(ConstructorResolver.java:789) ~[spring-beans-6.1.2.jar!/:6.1.2]
wissen-backend  | 	... 40 common frames omitted
wissen-backend  | Caused by: org.springframework.beans.factory.BeanCreationException: Error creating bean with name 'huggingFaceIntegrationService': Injection of autowired dependencies failed
wissen-backend  | 	at org.springframework.beans.factory.annotation.AutowiredAnnotationBeanPostProcessor.postProcessProperties(AutowiredAnnotationBeanPostProcessor.java:514) ~[spring-beans-6.1.2.jar!/:6.1.2]
wissen-backend  | 	at org.springframework.beans.factory.support.AbstractAutowireCapableBeanFactory.populateBean(AbstractAutowireCapableBeanFactory.java:1418) ~[spring-beans-6.1.2.jar!/:6.1.2]
wissen-backend  | 	at org.springframework.beans.factory.support.AbstractAutowireCapableBeanFactory.doCreateBean(AbstractAutowireCapableBeanFactory.java:598) ~[spring-beans-6.1.2.jar!/:6.1.2]
wissen-backend  | 	at org.springframework.beans.factory.support.AbstractAutowireCapableBeanFactory.createBean(AbstractAutowireCapableBeanFactory.java:521) ~[spring-beans-6.1.2.jar!/:6.1.2]
wissen-backend  | 	at org.springframework.beans.factory.support.AbstractBeanFactory.lambda$doGetBean$0(AbstractBeanFactory.java:325) ~[spring-beans-6.1.2.jar!/:6.1.2]
wissen-backend  | 	at org.springframework.beans.factory.support.DefaultSingletonBeanRegistry.getSingleton(DefaultSingletonBeanRegistry.java:234) ~[spring-beans-6.1.2.jar!/:6.1.2]
wissen-backend  | 	at org.springframework.beans.factory.support.AbstractBeanFactory.doGetBean(AbstractBeanFactory.java:323) ~[spring-beans-6.1.2.jar!/:6.1.2]
wissen-backend  | 	at org.springframework.beans.factory.support.AbstractBeanFactory.getBean(AbstractBeanFactory.java:199) ~[spring-beans-6.1.2.jar!/:6.1.2]
wissen-backend  | 	at org.springframework.beans.factory.config.DependencyDescriptor.resolveCandidate(DependencyDescriptor.java:254) ~[spring-beans-6.1.2.jar!/:6.1.2]
wissen-backend  | 	at org.springframework.beans.factory.support.DefaultListableBeanFactory.doResolveDependency(DefaultListableBeanFactory.java:1443) ~[spring-beans-6.1.2.jar!/:6.1.2]
wissen-backend  | 	at org.springframework.beans.factory.support.DefaultListableBeanFactory.resolveDependency(DefaultListableBeanFactory.java:1353) ~[spring-beans-6.1.2.jar!/:6.1.2]
wissen-backend  | 	at org.springframework.beans.factory.support.ConstructorResolver.resolveAutowiredArgument(ConstructorResolver.java:911) ~[spring-beans-6.1.2.jar!/:6.1.2]
wissen-backend  | 	at org.springframework.beans.factory.support.ConstructorResolver.createArgumentArray(ConstructorResolver.java:789) ~[spring-beans-6.1.2.jar!/:6.1.2]
wissen-backend  | 	... 54 common frames omitted
wissen-backend  | Caused by: java.lang.IllegalArgumentException: Could not resolve placeholder 'huggingface.api.key' in value "${huggingface.api.key}"
wissen-backend  | 	at org.springframework.util.PropertyPlaceholderHelper.parseStringValue(PropertyPlaceholderHelper.java:180) ~[spring-core-6.1.2.jar!/:6.1.2]
wissen-backend  | 	at org.springframework.util.PropertyPlaceholderHelper.replacePlaceholders(PropertyPlaceholderHelper.java:126) ~[spring-core-6.1.2.jar!/:6.1.2]
wissen-backend  | 	at org.springframework.core.env.AbstractPropertyResolver.doResolvePlaceholders(AbstractPropertyResolver.java:239) ~[spring-core-6.1.2.jar!/:6.1.2]
wissen-backend  | 	at org.springframework.core.env.AbstractPropertyResolver.resolveRequiredPlaceholders(AbstractPropertyResolver.java:210) ~[spring-core-6.1.2.jar!/:6.1.2]
wissen-backend  | 	at org.springframework.context.support.PropertySourcesPlaceholderConfigurer.lambda$processProperties$0(PropertySourcesPlaceholderConfigurer.java:200) ~[spring-context-6.1.2.jar!/:6.1.2]
wissen-backend  | 	at org.springframework.beans.factory.support.AbstractBeanFactory.resolveEmbeddedValue(AbstractBeanFactory.java:921) ~[spring-beans-6.1.2.jar!/:6.1.2]
wissen-backend  | 	at org.springframework.beans.factory.support.DefaultListableBeanFactory.doResolveDependency(DefaultListableBeanFactory.java:1374) ~[spring-beans-6.1.2.jar!/:6.1.2]
wissen-backend  | 	at org.springframework.beans.factory.support.DefaultListableBeanFactory.resolveDependency(DefaultListableBeanFactory.java:1353) ~[spring-beans-6.1.2.jar!/:6.1.2]
wissen-backend  | 	at org.springframework.beans.factory.annotation.AutowiredAnnotationBeanPostProcessor$AutowiredFieldElement.resolveFieldValue(AutowiredAnnotationBeanPostProcessor.java:784) ~[spring-beans-6.1.2.jar!/:6.1.2]
wissen-backend  | 	at org.springframework.beans.factory.annotation.AutowiredAnnotationBeanPostProcessor$AutowiredFieldElement.inject(AutowiredAnnotationBeanPostProcessor.java:767) ~[spring-beans-6.1.2.jar!/:6.1.2]
wissen-backend  | 	at org.springframework.beans.factory.annotation.InjectionMetadata.inject(InjectionMetadata.java:145) ~[spring-beans-6.1.2.jar!/:6.1.2]
wissen-backend  | 	at org.springframework.beans.factory.annotation.AutowiredAnnotationBeanPostProcessor.postProcessProperties(AutowiredAnnotationBeanPostProcessor.java:508) ~[spring-beans-6.1.2.jar!/:6.1.2]
wissen-backend  | 	... 66 common frames omitted
wissen-backend  | 
[Kwissen-backend exited with code 1 (restarting)
wissen-backend  | 
wissen-backend  |   .   ____          _            __ _ _
wissen-backend  |  /\\ / ___'_ __ _ _(_)_ __  __ _ \ \ \ \
wissen-backend  | ( ( )\___ | '_ | '_| | '_ \/ _` | \ \ \ \
wissen-backend  |  \\/  ___)| |_)| | | | | || (_| |  ) ) ) )
wissen-backend  |   '  |____| .__|_| |_|_| |_\__, | / / / /
wissen-backend  |  =========|_|==============|___/=/_/_/_/
wissen-backend  |  :: Spring Boot ::                (v3.2.1)
wissen-backend  | 
wissen-backend  | 2026-02-10T08:21:53.963Z  INFO 1 --- [wissen-ims-backend] [           main] com.wissen.ims.WissenImsApplication      : Starting WissenImsApplication using Java 17.0.18 with PID 1 (/app/app.jar started by root in /app)
wissen-backend  | 2026-02-10T08:21:53.968Z DEBUG 1 --- [wissen-ims-backend] [           main] com.wissen.ims.WissenImsApplication      : Running with Spring Boot v3.2.1, Spring v6.1.2
wissen-backend  | 2026-02-10T08:21:53.970Z  INFO 1 --- [wissen-ims-backend] [           main] com.wissen.ims.WissenImsApplication      : No active profile set, falling back to 1 default profile: "default"
wissen-backend  | 2026-02-10T08:21:55.630Z  INFO 1 --- [wissen-ims-backend] [           main] .s.d.r.c.RepositoryConfigurationDelegate : Bootstrapping Spring Data JPA repositories in DEFAULT mode.
wissen-backend  | 2026-02-10T08:21:55.927Z  INFO 1 --- [wissen-ims-backend] [           main] .s.d.r.c.RepositoryConfigurationDelegate : Finished Spring Data repository scanning in 282 ms. Found 14 JPA repository interfaces.
wissen-backend  | 2026-02-10T08:21:57.035Z  INFO 1 --- [wissen-ims-backend] [           main] o.s.b.w.embedded.tomcat.TomcatWebServer  : Tomcat initialized with port 8080 (http)
wissen-backend  | 2026-02-10T08:21:57.061Z  INFO 1 --- [wissen-ims-backend] [           main] o.apache.catalina.core.StandardService   : Starting service [Tomcat]
wissen-backend  | 2026-02-10T08:21:57.062Z  INFO 1 --- [wissen-ims-backend] [           main] o.apache.catalina.core.StandardEngine    : Starting Servlet engine: [Apache Tomcat/10.1.17]
wissen-backend  | 2026-02-10T08:21:57.123Z  INFO 1 --- [wissen-ims-backend] [           main] o.a.c.c.C.[Tomcat].[localhost].[/api]    : Initializing Spring embedded WebApplicationContext
wissen-backend  | 2026-02-10T08:21:57.126Z  INFO 1 --- [wissen-ims-backend] [           main] w.s.c.ServletWebServerApplicationContext : Root WebApplicationContext: initialization completed in 2970 ms
wissen-backend  | 2026-02-10T08:21:57.421Z  INFO 1 --- [wissen-ims-backend] [           main] o.hibernate.jpa.internal.util.LogHelper  : HHH000204: Processing PersistenceUnitInfo [name: default]
wissen-backend  | 2026-02-10T08:21:57.543Z  INFO 1 --- [wissen-ims-backend] [           main] org.hibernate.Version                    : HHH000412: Hibernate ORM core version 6.4.1.Final
wissen-backend  | 2026-02-10T08:21:57.612Z  INFO 1 --- [wissen-ims-backend] [           main] o.h.c.internal.RegionFactoryInitiator    : HHH000026: Second-level cache disabled
wissen-backend  | 2026-02-10T08:21:58.078Z  INFO 1 --- [wissen-ims-backend] [           main] o.s.o.j.p.SpringPersistenceUnitInfo      : No LoadTimeWeaver setup: ignoring JPA class transformer
wissen-backend  | 2026-02-10T08:21:58.130Z  INFO 1 --- [wissen-ims-backend] [           main] com.zaxxer.hikari.HikariDataSource       : HikariPool-1 - Starting...
wissen-backend  | 2026-02-10T08:21:58.464Z  INFO 1 --- [wissen-ims-backend] [           main] com.zaxxer.hikari.pool.HikariPool        : HikariPool-1 - Added connection org.postgresql.jdbc.PgConnection@48ae9e8b
wissen-backend  | 2026-02-10T08:21:58.473Z  INFO 1 --- [wissen-ims-backend] [           main] com.zaxxer.hikari.HikariDataSource       : HikariPool-1 - Start completed.
wissen-backend  | 2026-02-10T08:21:58.542Z  WARN 1 --- [wissen-ims-backend] [           main] org.hibernate.orm.deprecation            : HHH90000025: PostgreSQLDialect does not need to be specified explicitly using 'hibernate.dialect' (remove the property setting and it will be selected by default)
wissen-backend  | 2026-02-10T08:22:00.685Z  INFO 1 --- [wissen-ims-backend] [           main] o.h.e.t.j.p.i.JtaPlatformInitiator       : HHH000489: No JTA platform available (set 'hibernate.transaction.jta.platform' to enable JTA platform integration)
wissen-backend  | 2026-02-10T08:22:00.996Z  INFO 1 --- [wissen-ims-backend] [           main] j.LocalContainerEntityManagerFactoryBean : Initialized JPA EntityManagerFactory for persistence unit 'default'
wissen-backend  | 2026-02-10T08:22:01.783Z DEBUG 1 --- [wissen-ims-backend] [           main] c.w.i.security.JwtAuthenticationFilter   : Filter 'jwtAuthenticationFilter' configured for use
wissen-backend  | 2026-02-10T08:22:02.206Z  INFO 1 --- [wissen-ims-backend] [           main] o.s.d.j.r.query.QueryEnhancerFactory     : Hibernate is in classpath; If applicable, HQL parser will be used.
wissen-backend  | 2026-02-10T08:22:03.962Z  WARN 1 --- [wissen-ims-backend] [           main] ConfigServletWebServerApplicationContext : Exception encountered during context initialization - cancelling refresh attempt: org.springframework.beans.factory.UnsatisfiedDependencyException: Error creating bean with name 'skillAnalysisController' defined in URL [jar:nested:/app/app.jar/!BOOT-INF/classes/!/com/wissen/ims/controller/SkillAnalysisController.class]: Unsatisfied dependency expressed through constructor parameter 0: Error creating bean with name 'skillAnalysisService' defined in URL [jar:nested:/app/app.jar/!BOOT-INF/classes/!/com/wissen/ims/service/SkillAnalysisService.class]: Unsatisfied dependency expressed through constructor parameter 3: Error creating bean with name 'projectSkillInferenceService' defined in URL [jar:nested:/app/app.jar/!BOOT-INF/classes/!/com/wissen/ims/service/ProjectSkillInferenceService.class]: Unsatisfied dependency expressed through constructor parameter 1: Error creating bean with name 'huggingFaceIntegrationService': Injection of autowired dependencies failed
wissen-backend  | 2026-02-10T08:22:03.965Z  INFO 1 --- [wissen-ims-backend] [           main] j.LocalContainerEntityManagerFactoryBean : Closing JPA EntityManagerFactory for persistence unit 'default'
wissen-backend  | 2026-02-10T08:22:03.971Z  INFO 1 --- [wissen-ims-backend] [           main] com.zaxxer.hikari.HikariDataSource       : HikariPool-1 - Shutdown initiated...
wissen-backend  | 2026-02-10T08:22:03.989Z  INFO 1 --- [wissen-ims-backend] [           main] com.zaxxer.hikari.HikariDataSource       : HikariPool-1 - Shutdown completed.
wissen-backend  | 2026-02-10T08:22:04.003Z  INFO 1 --- [wissen-ims-backend] [           main] o.apache.catalina.core.StandardService   : Stopping service [Tomcat]
wissen-backend  | 2026-02-10T08:22:04.041Z  INFO 1 --- [wissen-ims-backend] [           main] .s.b.a.l.ConditionEvaluationReportLogger : 
wissen-backend  | 
wissen-backend  | Error starting ApplicationContext. To display the condition evaluation report re-run your application with 'debug' enabled.
wissen-backend  | 2026-02-10T08:22:04.093Z ERROR 1 --- [wissen-ims-backend] [           main] o.s.boot.SpringApplication               : Application run failed
wissen-backend  | 
wissen-backend  | org.springframework.beans.factory.UnsatisfiedDependencyException: Error creating bean with name 'skillAnalysisController' defined in URL [jar:nested:/app/app.jar/!BOOT-INF/classes/!/com/wissen/ims/controller/SkillAnalysisController.class]: Unsatisfied dependency expressed through constructor parameter 0: Error creating bean with name 'skillAnalysisService' defined in URL [jar:nested:/app/app.jar/!BOOT-INF/classes/!/com/wissen/ims/service/SkillAnalysisService.class]: Unsatisfied dependency expressed through constructor parameter 3: Error creating bean with name 'projectSkillInferenceService' defined in URL [jar:nested:/app/app.jar/!BOOT-INF/classes/!/com/wissen/ims/service/ProjectSkillInferenceService.class]: Unsatisfied dependency expressed through constructor parameter 1: Error creating bean with name 'huggingFaceIntegrationService': Injection of autowired dependencies failed
wissen-backend  | 	at org.springframework.beans.factory.support.ConstructorResolver.createArgumentArray(ConstructorResolver.java:802) ~[spring-beans-6.1.2.jar!/:6.1.2]
wissen-backend  | 	at org.springframework.beans.factory.support.ConstructorResolver.autowireConstructor(ConstructorResolver.java:241) ~[spring-beans-6.1.2.jar!/:6.1.2]
wissen-backend  | 	at org.springframework.beans.factory.support.AbstractAutowireCapableBeanFactory.autowireConstructor(AbstractAutowireCapableBeanFactory.java:1354) ~[spring-beans-6.1.2.jar!/:6.1.2]
wissen-backend  | 	at org.springframework.beans.factory.support.AbstractAutowireCapableBeanFactory.createBeanInstance(AbstractAutowireCapableBeanFactory.java:1191) ~[spring-beans-6.1.2.jar!/:6.1.2]
wissen-backend  | 	at org.springframework.beans.factory.support.AbstractAutowireCapableBeanFactory.doCreateBean(AbstractAutowireCapableBeanFactory.java:561) ~[spring-beans-6.1.2.jar!/:6.1.2]
wissen-backend  | 	at org.springframework.beans.factory.support.AbstractAutowireCapableBeanFactory.createBean(AbstractAutowireCapableBeanFactory.java:521) ~[spring-beans-6.1.2.jar!/:6.1.2]
wissen-backend  | 	at org.springframework.beans.factory.support.AbstractBeanFactory.lambda$doGetBean$0(AbstractBeanFactory.java:325) ~[spring-beans-6.1.2.jar!/:6.1.2]
wissen-backend  | 	at org.springframework.beans.factory.support.DefaultSingletonBeanRegistry.getSingleton(DefaultSingletonBeanRegistry.java:234) ~[spring-beans-6.1.2.jar!/:6.1.2]
wissen-backend  | 	at org.springframework.beans.factory.support.AbstractBeanFactory.doGetBean(AbstractBeanFactory.java:323) ~[spring-beans-6.1.2.jar!/:6.1.2]
wissen-backend  | 	at org.springframework.beans.factory.support.AbstractBeanFactory.getBean(AbstractBeanFactory.java:199) ~[spring-beans-6.1.2.jar!/:6.1.2]
wissen-backend  | 	at org.springframework.beans.factory.support.DefaultListableBeanFactory.preInstantiateSingletons(DefaultListableBeanFactory.java:975) ~[spring-beans-6.1.2.jar!/:6.1.2]
wissen-backend  | 	at org.springframework.context.support.AbstractApplicationContext.finishBeanFactoryInitialization(AbstractApplicationContext.java:960) ~[spring-context-6.1.2.jar!/:6.1.2]
wissen-backend  | 	at org.springframework.context.support.AbstractApplicationContext.refresh(AbstractApplicationContext.java:625) ~[spring-context-6.1.2.jar!/:6.1.2]
wissen-backend  | 	at org.springframework.boot.web.servlet.context.ServletWebServerApplicationContext.refresh(ServletWebServerApplicationContext.java:146) ~[spring-boot-3.2.1.jar!/:3.2.1]
wissen-backend  | 	at org.springframework.boot.SpringApplication.refresh(SpringApplication.java:762) ~[spring-boot-3.2.1.jar!/:3.2.1]
wissen-backend  | 	at org.springframework.boot.SpringApplication.refreshContext(SpringApplication.java:464) ~[spring-boot-3.2.1.jar!/:3.2.1]
wissen-backend  | 	at org.springframework.boot.SpringApplication.run(SpringApplication.java:334) ~[spring-boot-3.2.1.jar!/:3.2.1]
wissen-backend  | 	at org.springframework.boot.SpringApplication.run(SpringApplication.java:1358) ~[spring-boot-3.2.1.jar!/:3.2.1]
wissen-backend  | 	at org.springframework.boot.SpringApplication.run(SpringApplication.java:1347) ~[spring-boot-3.2.1.jar!/:3.2.1]
wissen-backend  | 	at com.wissen.ims.WissenImsApplication.main(WissenImsApplication.java:13) ~[!/:na]
wissen-backend  | 	at java.base/jdk.internal.reflect.NativeMethodAccessorImpl.invoke0(Native Method) ~[na:na]
wissen-backend  | 	at java.base/jdk.internal.reflect.NativeMethodAccessorImpl.invoke(Unknown Source) ~[na:na]
wissen-backend  | 	at java.base/jdk.internal.reflect.DelegatingMethodAccessorImpl.invoke(Unknown Source) ~[na:na]
wissen-backend  | 	at java.base/java.lang.reflect.Method.invoke(Unknown Source) ~[na:na]
wissen-backend  | 	at org.springframework.boot.loader.launch.Launcher.launch(Launcher.java:91) ~[app.jar:1.0.0]
wissen-backend  | 	at org.springframework.boot.loader.launch.Launcher.launch(Launcher.java:53) ~[app.jar:1.0.0]
wissen-backend  | 	at org.springframework.boot.loader.launch.JarLauncher.main(JarLauncher.java:58) ~[app.jar:1.0.0]
wissen-backend  | Caused by: org.springframework.beans.factory.UnsatisfiedDependencyException: Error creating bean with name 'skillAnalysisService' defined in URL [jar:nested:/app/app.jar/!BOOT-INF/classes/!/com/wissen/ims/service/SkillAnalysisService.class]: Unsatisfied dependency expressed through constructor parameter 3: Error creating bean with name 'projectSkillInferenceService' defined in URL [jar:nested:/app/app.jar/!BOOT-INF/classes/!/com/wissen/ims/service/ProjectSkillInferenceService.class]: Unsatisfied dependency expressed through constructor parameter 1: Error creating bean with name 'huggingFaceIntegrationService': Injection of autowired dependencies failed
wissen-backend  | 	at org.springframework.beans.factory.support.ConstructorResolver.createArgumentArray(ConstructorResolver.java:802) ~[spring-beans-6.1.2.jar!/:6.1.2]
wissen-backend  | 	at org.springframework.beans.factory.support.ConstructorResolver.autowireConstructor(ConstructorResolver.java:241) ~[spring-beans-6.1.2.jar!/:6.1.2]
wissen-backend  | 	at org.springframework.beans.factory.support.AbstractAutowireCapableBeanFactory.autowireConstructor(AbstractAutowireCapableBeanFactory.java:1354) ~[spring-beans-6.1.2.jar!/:6.1.2]
wissen-backend  | 	at org.springframework.beans.factory.support.AbstractAutowireCapableBeanFactory.createBeanInstance(AbstractAutowireCapableBeanFactory.java:1191) ~[spring-beans-6.1.2.jar!/:6.1.2]
wissen-backend  | 	at org.springframework.beans.factory.support.AbstractAutowireCapableBeanFactory.doCreateBean(AbstractAutowireCapableBeanFactory.java:561) ~[spring-beans-6.1.2.jar!/:6.1.2]
wissen-backend  | 	at org.springframework.beans.factory.support.AbstractAutowireCapableBeanFactory.createBean(AbstractAutowireCapableBeanFactory.java:521) ~[spring-beans-6.1.2.jar!/:6.1.2]
wissen-backend  | 	at org.springframework.beans.factory.support.AbstractBeanFactory.lambda$doGetBean$0(AbstractBeanFactory.java:325) ~[spring-beans-6.1.2.jar!/:6.1.2]
wissen-backend  | 	at org.springframework.beans.factory.support.DefaultSingletonBeanRegistry.getSingleton(DefaultSingletonBeanRegistry.java:234) ~[spring-beans-6.1.2.jar!/:6.1.2]
wissen-backend  | 	at org.springframework.beans.factory.support.AbstractBeanFactory.doGetBean(AbstractBeanFactory.java:323) ~[spring-beans-6.1.2.jar!/:6.1.2]
wissen-backend  | 	at org.springframework.beans.factory.support.AbstractBeanFactory.getBean(AbstractBeanFactory.java:199) ~[spring-beans-6.1.2.jar!/:6.1.2]
wissen-backend  | 	at org.springframework.beans.factory.config.DependencyDescriptor.resolveCandidate(DependencyDescriptor.java:254) ~[spring-beans-6.1.2.jar!/:6.1.2]
wissen-backend  | 	at org.springframework.beans.factory.support.DefaultListableBeanFactory.doResolveDependency(DefaultListableBeanFactory.java:1443) ~[spring-beans-6.1.2.jar!/:6.1.2]
wissen-backend  | 	at org.springframework.beans.factory.support.DefaultListableBeanFactory.resolveDependency(DefaultListableBeanFactory.java:1353) ~[spring-beans-6.1.2.jar!/:6.1.2]
wissen-backend  | 	at org.springframework.beans.factory.support.ConstructorResolver.resolveAutowiredArgument(ConstructorResolver.java:911) ~[spring-beans-6.1.2.jar!/:6.1.2]
wissen-backend  | 	at org.springframework.beans.factory.support.ConstructorResolver.createArgumentArray(ConstructorResolver.java:789) ~[spring-beans-6.1.2.jar!/:6.1.2]
wissen-backend  | 	... 26 common frames omitted
wissen-backend  | Caused by: org.springframework.beans.factory.UnsatisfiedDependencyException: Error creating bean with name 'projectSkillInferenceService' defined in URL [jar:nested:/app/app.jar/!BOOT-INF/classes/!/com/wissen/ims/service/ProjectSkillInferenceService.class]: Unsatisfied dependency expressed through constructor parameter 1: Error creating bean with name 'huggingFaceIntegrationService': Injection of autowired dependencies failed
wissen-backend  | 	at org.springframework.beans.factory.support.ConstructorResolver.createArgumentArray(ConstructorResolver.java:802) ~[spring-beans-6.1.2.jar!/:6.1.2]
wissen-backend  | 	at org.springframework.beans.factory.support.ConstructorResolver.autowireConstructor(ConstructorResolver.java:241) ~[spring-beans-6.1.2.jar!/:6.1.2]
wissen-backend  | 	at org.springframework.beans.factory.support.AbstractAutowireCapableBeanFactory.autowireConstructor(AbstractAutowireCapableBeanFactory.java:1354) ~[spring-beans-6.1.2.jar!/:6.1.2]
wissen-backend  | 	at org.springframework.beans.factory.support.AbstractAutowireCapableBeanFactory.createBeanInstance(AbstractAutowireCapableBeanFactory.java:1191) ~[spring-beans-6.1.2.jar!/:6.1.2]
wissen-backend  | 	at org.springframework.beans.factory.support.AbstractAutowireCapableBeanFactory.doCreateBean(AbstractAutowireCapableBeanFactory.java:561) ~[spring-beans-6.1.2.jar!/:6.1.2]
wissen-backend  | 	at org.springframework.beans.factory.support.AbstractAutowireCapableBeanFactory.createBean(AbstractAutowireCapableBeanFactory.java:521) ~[spring-beans-6.1.2.jar!/:6.1.2]
wissen-backend  | 	at org.springframework.beans.factory.support.AbstractBeanFactory.lambda$doGetBean$0(AbstractBeanFactory.java:325) ~[spring-beans-6.1.2.jar!/:6.1.2]
wissen-backend  | 	at org.springframework.beans.factory.support.DefaultSingletonBeanRegistry.getSingleton(DefaultSingletonBeanRegistry.java:234) ~[spring-beans-6.1.2.jar!/:6.1.2]
wissen-backend  | 	at org.springframework.beans.factory.support.AbstractBeanFactory.doGetBean(AbstractBeanFactory.java:323) ~[spring-beans-6.1.2.jar!/:6.1.2]
wissen-backend  | 	at org.springframework.beans.factory.support.AbstractBeanFactory.getBean(AbstractBeanFactory.java:199) ~[spring-beans-6.1.2.jar!/:6.1.2]
wissen-backend  | 	at org.springframework.beans.factory.config.DependencyDescriptor.resolveCandidate(DependencyDescriptor.java:254) ~[spring-beans-6.1.2.jar!/:6.1.2]
wissen-backend  | 	at org.springframework.beans.factory.support.DefaultListableBeanFactory.doResolveDependency(DefaultListableBeanFactory.java:1443) ~[spring-beans-6.1.2.jar!/:6.1.2]
wissen-backend  | 	at org.springframework.beans.factory.support.DefaultListableBeanFactory.resolveDependency(DefaultListableBeanFactory.java:1353) ~[spring-beans-6.1.2.jar!/:6.1.2]
wissen-backend  | 	at org.springframework.beans.factory.support.ConstructorResolver.resolveAutowiredArgument(ConstructorResolver.java:911) ~[spring-beans-6.1.2.jar!/:6.1.2]
wissen-backend  | 	at org.springframework.beans.factory.support.ConstructorResolver.createArgumentArray(ConstructorResolver.java:789) ~[spring-beans-6.1.2.jar!/:6.1.2]
wissen-backend  | 	... 40 common frames omitted
wissen-backend  | Caused by: org.springframework.beans.factory.BeanCreationException: Error creating bean with name 'huggingFaceIntegrationService': Injection of autowired dependencies failed
wissen-backend  | 	at org.springframework.beans.factory.annotation.AutowiredAnnotationBeanPostProcessor.postProcessProperties(AutowiredAnnotationBeanPostProcessor.java:514) ~[spring-beans-6.1.2.jar!/:6.1.2]
wissen-backend  | 	at org.springframework.beans.factory.support.AbstractAutowireCapableBeanFactory.populateBean(AbstractAutowireCapableBeanFactory.java:1418) ~[spring-beans-6.1.2.jar!/:6.1.2]
wissen-backend  | 	at org.springframework.beans.factory.support.AbstractAutowireCapableBeanFactory.doCreateBean(AbstractAutowireCapableBeanFactory.java:598) ~[spring-beans-6.1.2.jar!/:6.1.2]
wissen-backend  | 	at org.springframework.beans.factory.support.AbstractAutowireCapableBeanFactory.createBean(AbstractAutowireCapableBeanFactory.java:521) ~[spring-beans-6.1.2.jar!/:6.1.2]
wissen-backend  | 	at org.springframework.beans.factory.support.AbstractBeanFactory.lambda$doGetBean$0(AbstractBeanFactory.java:325) ~[spring-beans-6.1.2.jar!/:6.1.2]
wissen-backend  | 	at org.springframework.beans.factory.support.DefaultSingletonBeanRegistry.getSingleton(DefaultSingletonBeanRegistry.java:234) ~[spring-beans-6.1.2.jar!/:6.1.2]
wissen-backend  | 	at org.springframework.beans.factory.support.AbstractBeanFactory.doGetBean(AbstractBeanFactory.java:323) ~[spring-beans-6.1.2.jar!/:6.1.2]
wissen-backend  | 	at org.springframework.beans.factory.support.AbstractBeanFactory.getBean(AbstractBeanFactory.java:199) ~[spring-beans-6.1.2.jar!/:6.1.2]
wissen-backend  | 	at org.springframework.beans.factory.config.DependencyDescriptor.resolveCandidate(DependencyDescriptor.java:254) ~[spring-beans-6.1.2.jar!/:6.1.2]
wissen-backend  | 	at org.springframework.beans.factory.support.DefaultListableBeanFactory.doResolveDependency(DefaultListableBeanFactory.java:1443) ~[spring-beans-6.1.2.jar!/:6.1.2]
wissen-backend  | 	at org.springframework.beans.factory.support.DefaultListableBeanFactory.resolveDependency(DefaultListableBeanFactory.java:1353) ~[spring-beans-6.1.2.jar!/:6.1.2]
wissen-backend  | 	at org.springframework.beans.factory.support.ConstructorResolver.resolveAutowiredArgument(ConstructorResolver.java:911) ~[spring-beans-6.1.2.jar!/:6.1.2]
wissen-backend  | 	at org.springframework.beans.factory.support.ConstructorResolver.createArgumentArray(ConstructorResolver.java:789) ~[spring-beans-6.1.2.jar!/:6.1.2]
wissen-backend  | 	... 54 common frames omitted
wissen-backend  | Caused by: java.lang.IllegalArgumentException: Could not resolve placeholder 'huggingface.api.key' in value "${huggingface.api.key}"
wissen-backend  | 	at org.springframework.util.PropertyPlaceholderHelper.parseStringValue(PropertyPlaceholderHelper.java:180) ~[spring-core-6.1.2.jar!/:6.1.2]
wissen-backend  | 	at org.springframework.util.PropertyPlaceholderHelper.replacePlaceholders(PropertyPlaceholderHelper.java:126) ~[spring-core-6.1.2.jar!/:6.1.2]
wissen-backend  | 	at org.springframework.core.env.AbstractPropertyResolver.doResolvePlaceholders(AbstractPropertyResolver.java:239) ~[spring-core-6.1.2.jar!/:6.1.2]
wissen-backend  | 	at org.springframework.core.env.AbstractPropertyResolver.resolveRequiredPlaceholders(AbstractPropertyResolver.java:210) ~[spring-core-6.1.2.jar!/:6.1.2]
wissen-backend  | 	at org.springframework.context.support.PropertySourcesPlaceholderConfigurer.lambda$processProperties$0(PropertySourcesPlaceholderConfigurer.java:200) ~[spring-context-6.1.2.jar!/:6.1.2]
wissen-backend  | 	at org.springframework.beans.factory.support.AbstractBeanFactory.resolveEmbeddedValue(AbstractBeanFactory.java:921) ~[spring-beans-6.1.2.jar!/:6.1.2]
wissen-backend  | 	at org.springframework.beans.factory.support.DefaultListableBeanFactory.doResolveDependency(DefaultListableBeanFactory.java:1374) ~[spring-beans-6.1.2.jar!/:6.1.2]
wissen-backend  | 	at org.springframework.beans.factory.support.DefaultListableBeanFactory.resolveDependency(DefaultListableBeanFactory.java:1353) ~[spring-beans-6.1.2.jar!/:6.1.2]
wissen-backend  | 	at org.springframework.beans.factory.annotation.AutowiredAnnotationBeanPostProcessor$AutowiredFieldElement.resolveFieldValue(AutowiredAnnotationBeanPostProcessor.java:784) ~[spring-beans-6.1.2.jar!/:6.1.2]
wissen-backend  | 	at org.springframework.beans.factory.annotation.AutowiredAnnotationBeanPostProcessor$AutowiredFieldElement.inject(AutowiredAnnotationBeanPostProcessor.java:767) ~[spring-beans-6.1.2.jar!/:6.1.2]
wissen-backend  | 	at org.springframework.beans.factory.annotation.InjectionMetadata.inject(InjectionMetadata.java:145) ~[spring-beans-6.1.2.jar!/:6.1.2]
wissen-backend  | 	at org.springframework.beans.factory.annotation.AutowiredAnnotationBeanPostProcessor.postProcessProperties(AutowiredAnnotationBeanPostProcessor.java:508) ~[spring-beans-6.1.2.jar!/:6.1.2]
wissen-backend  | 	... 66 common frames omitted
wissen-backend  | 
wissen-frontend  | 2026/02/10 08:22:04 [notice] 1#1: signal 3 (SIGQUIT) received, shutting down
wissen-frontend  | 2026/02/10 08:22:04 [notice] 29#29: gracefully shutting down
wissen-frontend  | 2026/02/10 08:22:04 [notice] 29#29: exiting
wissen-frontend  | 2026/02/10 08:22:04 [notice] 29#29: exit
wissen-frontend  | 2026/02/10 08:22:04 [notice] 30#30: gracefully shutting down
wissen-frontend  | 2026/02/10 08:22:04 [notice] 30#30: exiting
wissen-frontend  | 2026/02/10 08:22:04 [notice] 30#30: exit
wissen-frontend  | 2026/02/10 08:22:04 [notice] 32#32: gracefully shutting down
wissen-frontend  | 2026/02/10 08:22:04 [notice] 32#32: exiting
wissen-frontend  | 2026/02/10 08:22:04 [notice] 31#31: gracefully shutting down
wissen-frontend  | 2026/02/10 08:22:04 [notice] 32#32: exit
wissen-frontend  | 2026/02/10 08:22:04 [notice] 31#31: exiting
wissen-frontend  | 2026/02/10 08:22:04 [notice] 31#31: exit
wissen-frontend  | 2026/02/10 08:22:04 [notice] 33#33: gracefully shutting down
wissen-frontend  | 2026/02/10 08:22:04 [notice] 33#33: exiting
wissen-frontend  | 2026/02/10 08:22:04 [notice] 34#34: gracefully shutting down
wissen-frontend  | 2026/02/10 08:22:04 [notice] 36#36: gracefully shutting down
wissen-frontend  | 2026/02/10 08:22:04 [notice] 36#36: exiting
wissen-frontend  | 2026/02/10 08:22:04 [notice] 34#34: exiting
wissen-frontend  | 2026/02/10 08:22:04 [notice] 35#35: gracefully shutting down
wissen-frontend  | 2026/02/10 08:22:04 [notice] 35#35: exiting
wissen-frontend  | 2026/02/10 08:22:04 [notice] 36#36: exit
wissen-frontend  | 2026/02/10 08:22:04 [notice] 33#33: exit
wissen-frontend  | 2026/02/10 08:22:04 [notice] 35#35: exit
wissen-frontend  | 2026/02/10 08:22:04 [notice] 34#34: exit
[Kwissen-backend exited with code 1 (restarting)
wissen-frontend  | 2026/02/10 08:22:04 [notice] 1#1: signal 17 (SIGCHLD) received from 33
wissen-frontend  | 2026/02/10 08:22:04 [notice] 1#1: worker process 33 exited with code 0
wissen-frontend  | 2026/02/10 08:22:04 [notice] 1#1: signal 29 (SIGIO) received
wissen-frontend  | 2026/02/10 08:22:04 [notice] 1#1: signal 17 (SIGCHLD) received from 29
wissen-frontend  | 2026/02/10 08:22:04 [notice] 1#1: worker process 29 exited with code 0
wissen-frontend  | 2026/02/10 08:22:04 [notice] 1#1: worker process 30 exited with code 0
wissen-frontend  | 2026/02/10 08:22:04 [notice] 1#1: worker process 34 exited with code 0
wissen-frontend  | 2026/02/10 08:22:04 [notice] 1#1: worker process 35 exited with code 0
wissen-frontend  | 2026/02/10 08:22:04 [notice] 1#1: signal 29 (SIGIO) received
wissen-frontend  | 2026/02/10 08:22:04 [notice] 1#1: signal 17 (SIGCHLD) received from 34
wissen-frontend  | 2026/02/10 08:22:04 [notice] 1#1: worker process 32 exited with code 0
wissen-frontend  | 2026/02/10 08:22:04 [notice] 1#1: signal 29 (SIGIO) received
wissen-frontend  | 2026/02/10 08:22:04 [notice] 1#1: signal 17 (SIGCHLD) received from 36
wissen-frontend  | 2026/02/10 08:22:04 [notice] 1#1: worker process 36 exited with code 0
wissen-frontend  | 2026/02/10 08:22:04 [notice] 1#1: signal 29 (SIGIO) received
wissen-frontend  | 2026/02/10 08:22:04 [notice] 1#1: signal 17 (SIGCHLD) received from 31
wissen-frontend  | 2026/02/10 08:22:04 [notice] 1#1: worker process 31 exited with code 0
wissen-frontend  | 2026/02/10 08:22:04 [notice] 1#1: exit
[Kwissen-frontend exited with code 0
[Kwissen-backend exited with code 143
wissen-postgres  | 2026-02-10 08:22:05.663 UTC [1] LOG:  received fast shutdown request
wissen-postgres  | 2026-02-10 08:22:05.665 UTC [1] LOG:  aborting any active transactions
wissen-postgres  | 2026-02-10 08:22:05.669 UTC [1] LOG:  background worker "logical replication launcher" (PID 60) exited with exit code 1
wissen-postgres  | 2026-02-10 08:22:05.671 UTC [55] LOG:  shutting down
wissen-postgres  | 2026-02-10 08:22:05.674 UTC [55] LOG:  checkpoint starting: shutdown immediate
wissen-postgres  | 2026-02-10 08:22:05.730 UTC [55] LOG:  checkpoint complete: wrote 197 buffers (1.2%); 0 WAL file(s) added, 0 removed, 0 recycled; write=0.013 s, sync=0.037 s, total=0.059 s; sync files=150, longest=0.003 s, average=0.001 s; distance=1108 kB, estimate=1108 kB
wissen-postgres  | 2026-02-10 08:22:05.737 UTC [1] LOG:  database system is shut down
[Kwissen-postgres exited with code 0
